[14-Feb-2026 11:08:31 Europe/Berlin] Error de conexion a BD (sql313.infinityfree.com): php_network_getaddresses: getaddrinfo for sql313.infinityfree.com failed: Host desconocido. 
[02-Mar-2026 05:26:18 Europe/Berlin] Error de conexion a BD (3306): php_network_getaddresses: getaddrinfo for 3306 failed: Host desconocido. 
[02-Mar-2026 05:26:29 Europe/Berlin] Error de conexion a BD (3306): php_network_getaddresses: getaddrinfo for 3306 failed: Host desconocido. 
[02-Mar-2026 05:26:35 Europe/Berlin] Error de conexion a BD (3306): php_network_getaddresses: getaddrinfo for 3306 failed: Host desconocido. 
[07-Mar-2026 05:43:14 Europe/Berlin] PHP Deprecated:  strtotime(): Passing null to parameter #1 ($datetime) of type string is deprecated in C:\xampp\htdocs\especialidad\dashboard_estudiante.php on line 138
[07-Mar-2026 05:44:22 Europe/Berlin] PHP Deprecated:  strtotime(): Passing null to parameter #1 ($datetime) of type string is deprecated in C:\xampp\htdocs\especialidad\dashboard_estudiante.php on line 138
[07-Mar-2026 05:45:15 Europe/Berlin] PHP Deprecated:  strtotime(): Passing null to parameter #1 ($datetime) of type string is deprecated in C:\xampp\htdocs\especialidad\dashboard_estudiante.php on line 138
[08-Mar-2026 18:55:18 Europe/Berlin] PHP Fatal error:  Uncaught Error: Call to a member function bind_param() on bool in C:\xampp\htdocs\especialidad\gestion_actividades.php:17
Stack trace:
#0 {main}
  thrown in C:\xampp\htdocs\especialidad\gestion_actividades.php on line 17
[08-Mar-2026 18:55:29 Europe/Berlin] PHP Fatal error:  Uncaught Error: Call to a member function bind_param() on bool in C:\xampp\htdocs\especialidad\gestion_actividades.php:17
Stack trace:
#0 {main}
  thrown in C:\xampp\htdocs\especialidad\gestion_actividades.php on line 17
[08-Mar-2026 18:57:30 Europe/Berlin] PHP Fatal error:  Uncaught Error: Call to a member function bind_param() on bool in C:\xampp\htdocs\especialidad\gestion_actividades.php:17
Stack trace:
#0 {main}
  thrown in C:\xampp\htdocs\especialidad\gestion_actividades.php on line 17
[08-Mar-2026 18:59:52 Europe/Berlin] PHP Fatal error:  Uncaught Error: Call to a member function bind_param() on bool in C:\xampp\htdocs\especialidad\gestion_actividades.php:17
Stack trace:
#0 {main}
  thrown in C:\xampp\htdocs\especialidad\gestion_actividades.php on line 17
[08-Mar-2026 22:05:04 Europe/Berlin] PHP Fatal error:  Uncaught Error: Call to a member function bind_param() on bool in C:\xampp\htdocs\especialidad\gestion_actividades.php:17
Stack trace:
#0 {main}
  thrown in C:\xampp\htdocs\especialidad\gestion_actividades.php on line 17
[08-Mar-2026 22:23:33 Europe/Berlin] PHP Fatal error:  Uncaught Error: Call to a member function bind_param() on bool in C:\xampp\htdocs\especialidad\procesar_entrega.php:39
Stack trace:
#0 {main}
  thrown in C:\xampp\htdocs\especialidad\procesar_entrega.php on line 39
[08-Mar-2026 22:29:16 Europe/Berlin] PHP Fatal error:  Uncaught Error: Call to a member function bind_param() on bool in C:\xampp\htdocs\especialidad\procesar_entrega.php:39
Stack trace:
#0 {main}
  thrown in C:\xampp\htdocs\especialidad\procesar_entrega.php on line 39
[08-Mar-2026 23:02:43 Europe/Berlin] PHP Warning:  Undefined array key " archivo_pdf " in C:\xampp\htdocs\especialidad\procesar_entrega.php on line 39
[08-Mar-2026 23:02:43 Europe/Berlin] PHP Warning:  Trying to access array offset on value of type null in C:\xampp\htdocs\especialidad\procesar_entrega.php on line 39
[08-Mar-2026 23:02:43 Europe/Berlin] PHP Deprecated:  move_uploaded_file(): Passing null to parameter #1 ($from) of type string is deprecated in C:\xampp\htdocs\especialidad\procesar_entrega.php on line 39
[08-Mar-2026 23:03:22 Europe/Berlin] PHP Warning:  Undefined array key " archivo_pdf " in C:\xampp\htdocs\especialidad\procesar_entrega.php on line 39
[08-Mar-2026 23:03:22 Europe/Berlin] PHP Warning:  Trying to access array offset on value of type null in C:\xampp\htdocs\especialidad\procesar_entrega.php on line 39
[08-Mar-2026 23:03:22 Europe/Berlin] PHP Deprecated:  move_uploaded_file(): Passing null to parameter #1 ($from) of type string is deprecated in C:\xampp\htdocs\especialidad\procesar_entrega.php on line 39
[08-Mar-2026 23:03:25 Europe/Berlin] PHP Warning:  Undefined array key " archivo_pdf " in C:\xampp\htdocs\especialidad\procesar_entrega.php on line 39
[08-Mar-2026 23:03:25 Europe/Berlin] PHP Warning:  Trying to access array offset on value of type null in C:\xampp\htdocs\especialidad\procesar_entrega.php on line 39
[08-Mar-2026 23:03:25 Europe/Berlin] PHP Deprecated:  move_uploaded_file(): Passing null to parameter #1 ($from) of type string is deprecated in C:\xampp\htdocs\especialidad\procesar_entrega.php on line 39
[08-Mar-2026 23:04:11 Europe/Berlin] PHP Warning:  Undefined array key "archivo_pdf " in C:\xampp\htdocs\especialidad\procesar_entrega.php on line 39
[08-Mar-2026 23:04:11 Europe/Berlin] PHP Warning:  Trying to access array offset on value of type null in C:\xampp\htdocs\especialidad\procesar_entrega.php on line 39
[08-Mar-2026 23:04:11 Europe/Berlin] PHP Deprecated:  move_uploaded_file(): Passing null to parameter #1 ($from) of type string is deprecated in C:\xampp\htdocs\especialidad\procesar_entrega.php on line 39
